<?xml version="1.0" encoding="UTF-8"?>
<!-- Generated by org.testng.reporters.JUnitReportReporter -->
<testsuite hostname="minddec497" failures="0" tests="3" name="com.mindtree.runner.Tc008_Testimonials" time="5.172" errors="0" timestamp="2022-03-26T21:25:33 GMT+05:30" skipped="0">
  <testcase classname="com.mindtree.runner.Tc008_Testimonials" name="setUp" time="0.003"/>
  <system-out/>
  <testcase classname="com.mindtree.runner.Tc008_Testimonials" name="openNobroker" time="1.343"/>
  <system-out/>
  <testcase classname="com.mindtree.runner.Tc008_Testimonials" name="project" time="3.826"/>
  <system-out/>
</testsuite> <!-- com.mindtree.runner.Tc008_Testimonials -->
