<?xml version="1.0" encoding="UTF-8"?>
<!-- Generated by org.testng.reporters.JUnitReportReporter -->
<testsuite hostname="minddec497" failures="0" tests="3" name="com.mindtree.runner.Tc009_footer" time="34.647" errors="0" timestamp="2022-03-26T21:25:33 GMT+05:30" skipped="0">
  <testcase classname="com.mindtree.runner.Tc009_footer" name="setUp" time="0.005"/>
  <system-out/>
  <testcase classname="com.mindtree.runner.Tc009_footer" name="openNobroker" time="1.472"/>
  <system-out/>
  <testcase classname="com.mindtree.runner.Tc009_footer" name="foot" time="33.170"/>
  <system-out/>
</testsuite> <!-- com.mindtree.runner.Tc009_footer -->
