<?xml version="1.0" encoding="UTF-8"?>
<!-- Generated by org.testng.reporters.JUnitReportReporter -->
<testsuite hostname="minddec497" failures="0" tests="3" name="com.mindtree.runner.Tc006_menuBar" time="23.431" errors="0" timestamp="2022-03-26T21:25:33 GMT+05:30" skipped="0">
  <testcase classname="com.mindtree.runner.Tc006_menuBar" name="setUp" time="0.002"/>
  <system-out/>
  <testcase classname="com.mindtree.runner.Tc006_menuBar" name="openNobroker" time="1.218"/>
  <system-out/>
  <testcase classname="com.mindtree.runner.Tc006_menuBar" name="menubar" time="22.211"/>
  <system-out/>
</testsuite> <!-- com.mindtree.runner.Tc006_menuBar -->
