<?xml version="1.0" encoding="UTF-8"?>
<!-- Generated by org.testng.reporters.JUnitReportReporter -->
<testsuite hostname="minddec497" failures="0" tests="3" name="com.mindtree.runner.Tc005_propertyCount" time="11.826" errors="0" timestamp="2022-03-26T21:25:33 GMT+05:30" skipped="0">
  <testcase classname="com.mindtree.runner.Tc005_propertyCount" name="setUp" time="0.003"/>
  <system-out/>
  <testcase classname="com.mindtree.runner.Tc005_propertyCount" name="openNobroker" time="1.181"/>
  <system-out/>
  <testcase classname="com.mindtree.runner.Tc005_propertyCount" name="counting" time="10.642"/>
  <system-out/>
</testsuite> <!-- com.mindtree.runner.Tc005_propertyCount -->
