<?xml version="1.0" encoding="UTF-8"?>
<!-- Generated by org.testng.reporters.JUnitReportReporter -->
<testsuite hostname="minddec497" failures="0" tests="3" name="com.mindtree.runner.Tc004_EmiCalculator" time="2.812" errors="0" timestamp="2022-03-26T21:25:33 GMT+05:30" skipped="0">
  <testcase classname="com.mindtree.runner.Tc004_EmiCalculator" name="setUp" time="0.002"/>
  <system-out/>
  <testcase classname="com.mindtree.runner.Tc004_EmiCalculator" name="openNobroker" time="1.191"/>
  <system-out/>
  <testcase classname="com.mindtree.runner.Tc004_EmiCalculator" name="emicalci" time="1.619"/>
  <system-out/>
</testsuite> <!-- com.mindtree.runner.Tc004_EmiCalculator -->
