<?xml version="1.0" encoding="UTF-8"?>
<!-- Generated by org.testng.reporters.JUnitReportReporter -->
<testsuite hostname="minddec497" failures="0" tests="3" name="com.mindtree.runner.Tc003_getHotelAddress" time="10.829" errors="0" timestamp="2022-03-26T21:25:33 GMT+05:30" skipped="0">
  <testcase classname="com.mindtree.runner.Tc003_getHotelAddress" name="setUp" time="0.001"/>
  <system-out/>
  <testcase classname="com.mindtree.runner.Tc003_getHotelAddress" name="openNobroker" time="1.235"/>
  <system-out/>
  <testcase classname="com.mindtree.runner.Tc003_getHotelAddress" name="getaddress" time="9.593"/>
  <system-out/>
</testsuite> <!-- com.mindtree.runner.Tc003_getHotelAddress -->
