<?xml version="1.0" encoding="UTF-8"?>
<!-- Generated by org.testng.reporters.JUnitReportReporter -->
<testsuite hostname="minddec497" failures="0" tests="4" name="com.mindtree.runner.Tc002_Loan_Agreement" time="3.018" errors="0" timestamp="2022-03-26T21:25:33 GMT+05:30" skipped="0">
  <testcase classname="com.mindtree.runner.Tc002_Loan_Agreement" name="setUp" time="0.004"/>
  <system-out/>
  <testcase classname="com.mindtree.runner.Tc002_Loan_Agreement" name="openNobroker" time="1.245"/>
  <system-out/>
  <testcase classname="com.mindtree.runner.Tc002_Loan_Agreement" name="loanAgreement" time="0.145"/>
  <system-out/>
  <testcase classname="com.mindtree.runner.Tc002_Loan_Agreement" name="checkpageTitle" time="1.624"/>
  <system-out/>
</testsuite> <!-- com.mindtree.runner.Tc002_Loan_Agreement -->
